#2026 05 14 05:32:49.875#Z#DEBUG#34c603e0-4f56-11f1-bba0-eeee0a92bc53.capApp_10-srv#flowable-async-job-executor-thread-11332#
[PollStageAppStatusExecution] 8d20a0b0-01ac-47a5-9ee1-3f512b445b4e [2026-05-14T05:25:58.460681] Updated app with guid 8d20a0b0-01ac-47a5-9ee1-3f512b445b4e ({"lifecycle"=>{"data"=>{"buildpacks"=>["nodejs_buildpack"]}, "type"=>"buildpack"}}) (STDOUT, API)#
#2026 05 14 05:32:49.875#Z#DEBUG#34c603e0-4f56-11f1-bba0-eeee0a92bc53.capApp_10-srv#flowable-async-job-executor-thread-11332#
[PollStageAppStatusExecution] 8d20a0b0-01ac-47a5-9ee1-3f512b445b4e [2026-05-14T05:25:58.565471] Updating process: "web" (STDOUT, API)#
#2026 05 14 05:32:49.875#Z#DEBUG#34c603e0-4f56-11f1-bba0-eeee0a92bc53.capApp_10-srv#flowable-async-job-executor-thread-11332#
[PollStageAppStatusExecution] 8d20a0b0-01ac-47a5-9ee1-3f512b445b4e [2026-05-14T05:26:27.884320] Uploading app package for app with guid 8d20a0b0-01ac-47a5-9ee1-3f512b445b4e (STDOUT, API)#
#2026 05 14 05:32:49.875#Z#DEBUG#34c603e0-4f56-11f1-bba0-eeee0a92bc53.capApp_10-srv#flowable-async-job-executor-thread-11332#
[PollStageAppStatusExecution] 8d20a0b0-01ac-47a5-9ee1-3f512b445b4e [2026-05-14T05:26:28.090249] Updated app with guid 8d20a0b0-01ac-47a5-9ee1-3f512b445b4e ({"environment_variables"=>"[PRIVATE DATA HIDDEN]"}) (STDOUT, API)#
#2026 05 14 05:32:49.875#Z#DEBUG#34c603e0-4f56-11f1-bba0-eeee0a92bc53.capApp_10-srv#flowable-async-job-executor-thread-11332#
[PollStageAppStatusExecution] 8d20a0b0-01ac-47a5-9ee1-3f512b445b4e [2026-05-14T05:26:47.960850] Stopping app with guid 8d20a0b0-01ac-47a5-9ee1-3f512b445b4e (STDOUT, API)#
#2026 05 14 05:32:49.875#Z#DEBUG#34c603e0-4f56-11f1-bba0-eeee0a92bc53.capApp_10-srv#flowable-async-job-executor-thread-11332#
[PollStageAppStatusExecution] 8d20a0b0-01ac-47a5-9ee1-3f512b445b4e [2026-05-14T05:26:48.006032] Cell c839c7b1-088e-41af-b9b7-66256aacd457 stopping instance 706bab4b-6d45-42b7-7028-0b73 (STDOUT, CELL)#
#2026 05 14 05:32:49.875#Z#DEBUG#34c603e0-4f56-11f1-bba0-eeee0a92bc53.capApp_10-srv#flowable-async-job-executor-thread-11332#
[PollStageAppStatusExecution] 8d20a0b0-01ac-47a5-9ee1-3f512b445b4e [2026-05-14T05:26:48.184753] Creating build for app with guid 8d20a0b0-01ac-47a5-9ee1-3f512b445b4e (STDOUT, API)#
#2026 05 14 05:32:49.875#Z#DEBUG#34c603e0-4f56-11f1-bba0-eeee0a92bc53.capApp_10-srv#flowable-async-job-executor-thread-11332#
[PollStageAppStatusExecution] 8d20a0b0-01ac-47a5-9ee1-3f512b445b4e [2026-05-14T05:26:48.717044] Downloading nodejs_buildpack... (STDOUT, STG)#
#2026 05 14 05:32:49.875#Z#DEBUG#34c603e0-4f56-11f1-bba0-eeee0a92bc53.capApp_10-srv#flowable-async-job-executor-thread-11332#
[PollStageAppStatusExecution] 8d20a0b0-01ac-47a5-9ee1-3f512b445b4e [2026-05-14T05:26:48.765428] Downloaded nodejs_buildpack (STDOUT, STG)#
#2026 05 14 05:32:49.875#Z#DEBUG#34c603e0-4f56-11f1-bba0-eeee0a92bc53.capApp_10-srv#flowable-async-job-executor-thread-11332#
[PollStageAppStatusExecution] 8d20a0b0-01ac-47a5-9ee1-3f512b445b4e [2026-05-14T05:26:48.765544] Cell d1cc041a-d5a1-41d6-b9f6-6cda736ce3f0 creating container for instance 4f2605ec-2fdf-4586-843f-7a865e2d8d6c (STDOUT, STG)#
#2026 05 14 05:32:49.875#Z#DEBUG#34c603e0-4f56-11f1-bba0-eeee0a92bc53.capApp_10-srv#flowable-async-job-executor-thread-11332#
[PollStageAppStatusExecution] 8d20a0b0-01ac-47a5-9ee1-3f512b445b4e [2026-05-14T05:26:50.715456] Security group rules were updated (STDOUT, STG)#
#2026 05 14 05:32:49.875#Z#DEBUG#34c603e0-4f56-11f1-bba0-eeee0a92bc53.capApp_10-srv#flowable-async-job-executor-thread-11332#
[PollStageAppStatusExecution] 8d20a0b0-01ac-47a5-9ee1-3f512b445b4e [2026-05-14T05:26:50.901335] Cell d1cc041a-d5a1-41d6-b9f6-6cda736ce3f0 successfully created container for instance 4f2605ec-2fdf-4586-843f-7a865e2d8d6c (STDOUT, STG)#
#2026 05 14 05:32:49.875#Z#DEBUG#34c603e0-4f56-11f1-bba0-eeee0a92bc53.capApp_10-srv#flowable-async-job-executor-thread-11332#
[PollStageAppStatusExecution] 8d20a0b0-01ac-47a5-9ee1-3f512b445b4e [2026-05-14T05:26:51.380153] Downloading build artifacts cache... (STDOUT, STG)#
#2026 05 14 05:32:49.875#Z#DEBUG#34c603e0-4f56-11f1-bba0-eeee0a92bc53.capApp_10-srv#flowable-async-job-executor-thread-11332#
[PollStageAppStatusExecution] 8d20a0b0-01ac-47a5-9ee1-3f512b445b4e [2026-05-14T05:26:51.380213] Downloading app package... (STDOUT, STG)#
#2026 05 14 05:32:49.875#Z#DEBUG#34c603e0-4f56-11f1-bba0-eeee0a92bc53.capApp_10-srv#flowable-async-job-executor-thread-11332#
[PollStageAppStatusExecution] 8d20a0b0-01ac-47a5-9ee1-3f512b445b4e [2026-05-14T05:26:51.478916] Downloaded build artifacts cache (226B) (STDOUT, STG)#
#2026 05 14 05:32:49.875#Z#DEBUG#34c603e0-4f56-11f1-bba0-eeee0a92bc53.capApp_10-srv#flowable-async-job-executor-thread-11332#
[PollStageAppStatusExecution] 8d20a0b0-01ac-47a5-9ee1-3f512b445b4e [2026-05-14T05:26:53.357298] Downloaded app package (12.3M) (STDOUT, STG)#
#2026 05 14 05:32:49.875#Z#DEBUG#34c603e0-4f56-11f1-bba0-eeee0a92bc53.capApp_10-srv#flowable-async-job-executor-thread-11332#
[PollStageAppStatusExecution] 8d20a0b0-01ac-47a5-9ee1-3f512b445b4e [2026-05-14T05:26:53.533805] -----> Nodejs Buildpack version 1.8.44 (STDOUT, STG)#
#2026 05 14 05:32:49.875#Z#DEBUG#34c603e0-4f56-11f1-bba0-eeee0a92bc53.capApp_10-srv#flowable-async-job-executor-thread-11332#
[PollStageAppStatusExecution] 8d20a0b0-01ac-47a5-9ee1-3f512b445b4e [2026-05-14T05:26:54.786134] -----> Bootstrapping python (STDOUT, STG)#
#2026 05 14 05:32:49.875#Z#DEBUG#34c603e0-4f56-11f1-bba0-eeee0a92bc53.capApp_10-srv#flowable-async-job-executor-thread-11332#
[PollStageAppStatusExecution] 8d20a0b0-01ac-47a5-9ee1-3f512b445b4e [2026-05-14T05:26:54.786184] -----> Installing python 3.11.14 (STDOUT, STG)#
#2026 05 14 05:32:49.875#Z#DEBUG#34c603e0-4f56-11f1-bba0-eeee0a92bc53.capApp_10-srv#flowable-async-job-executor-thread-11332#
[PollStageAppStatusExecution] 8d20a0b0-01ac-47a5-9ee1-3f512b445b4e [2026-05-14T05:26:54.786235] Copy [/tmp/buildpacks/978cee5ec9c58000/dependencies/b5e0345ae0ae1932e7d56fffaa49a487/python_3.11.14_linux_x64_cflinuxfs4_66f53248.tgz] (STDOUT, STG)#
#2026 05 14 05:32:49.875#Z#DEBUG#34c603e0-4f56-11f1-bba0-eeee0a92bc53.capApp_10-srv#flowable-async-job-executor-thread-11332#
[PollStageAppStatusExecution] 8d20a0b0-01ac-47a5-9ee1-3f512b445b4e [2026-05-14T05:26:59.516041] -----> Installing binaries (STDOUT, STG)#
#2026 05 14 05:32:49.875#Z#DEBUG#34c603e0-4f56-11f1-bba0-eeee0a92bc53.capApp_10-srv#flowable-async-job-executor-thread-11332#
[PollStageAppStatusExecution] 8d20a0b0-01ac-47a5-9ee1-3f512b445b4e [2026-05-14T05:26:59.516167] engines.node (package.json): >=20 (STDOUT, STG)#
#2026 05 14 05:32:49.875#Z#DEBUG#34c603e0-4f56-11f1-bba0-eeee0a92bc53.capApp_10-srv#flowable-async-job-executor-thread-11332#
[PollStageAppStatusExecution] 8d20a0b0-01ac-47a5-9ee1-3f512b445b4e [2026-05-14T05:26:59.516187] engines.npm (package.json): unspecified (use default) (STDOUT, STG)#
#2026 05 14 05:32:49.875#Z#DEBUG#34c603e0-4f56-11f1-bba0-eeee0a92bc53.capApp_10-srv#flowable-async-job-executor-thread-11332#
[PollStageAppStatusExecution] 8d20a0b0-01ac-47a5-9ee1-3f512b445b4e [2026-05-14T05:26:59.516203] [31;1m**WARNING**[0m Dangerous semver range (>) in engines.node. See: http://docs.cloudfoundry.org/buildpacks/node/node-tips.html (STDOUT, STG)#
#2026 05 14 05:32:49.875#Z#DEBUG#34c603e0-4f56-11f1-bba0-eeee0a92bc53.capApp_10-srv#flowable-async-job-executor-thread-11332#
[PollStageAppStatusExecution] 8d20a0b0-01ac-47a5-9ee1-3f512b445b4e [2026-05-14T05:26:59.516268] -----> Installing node 24.13.0 (STDOUT, STG)#
#2026 05 14 05:32:49.875#Z#DEBUG#34c603e0-4f56-11f1-bba0-eeee0a92bc53.capApp_10-srv#flowable-async-job-executor-thread-11332#
[PollStageAppStatusExecution] 8d20a0b0-01ac-47a5-9ee1-3f512b445b4e [2026-05-14T05:26:59.516454] Copy [/tmp/buildpacks/978cee5ec9c58000/dependencies/2f5692219fecc3eee6e6d507a6bfe7b9/node_24.13.0_linux_x64_cflinuxfs4_a816dee1.tgz] (STDOUT, STG)#
#2026 05 14 05:32:49.875#Z#DEBUG#34c603e0-4f56-11f1-bba0-eeee0a92bc53.capApp_10-srv#flowable-async-job-executor-thread-11332#
[PollStageAppStatusExecution] 8d20a0b0-01ac-47a5-9ee1-3f512b445b4e [2026-05-14T05:27:02.423810] Using default npm version: 11.6.2 (STDOUT, STG)#
#2026 05 14 05:32:49.875#Z#DEBUG#34c603e0-4f56-11f1-bba0-eeee0a92bc53.capApp_10-srv#flowable-async-job-executor-thread-11332#
[PollStageAppStatusExecution] 8d20a0b0-01ac-47a5-9ee1-3f512b445b4e [2026-05-14T05:27:02.423948] -----> Installing yarn 1.22.22 (STDOUT, STG)#
#2026 05 14 05:32:49.875#Z#DEBUG#34c603e0-4f56-11f1-bba0-eeee0a92bc53.capApp_10-srv#flowable-async-job-executor-thread-11332#
[PollStageAppStatusExecution] 8d20a0b0-01ac-47a5-9ee1-3f512b445b4e [2026-05-14T05:27:02.424189] Copy [/tmp/buildpacks/978cee5ec9c58000/dependencies/e3a39aedd1236924d69cc2d0637a8ed2/yarn_1.22.22_linux_noarch_any-stack_4911d0a6.tgz] (STDOUT, STG)#
#2026 05 14 05:32:49.875#Z#DEBUG#34c603e0-4f56-11f1-bba0-eeee0a92bc53.capApp_10-srv#flowable-async-job-executor-thread-11332#
[PollStageAppStatusExecution] 8d20a0b0-01ac-47a5-9ee1-3f512b445b4e [2026-05-14T05:27:02.836094] Installed yarn 1.22.22 (STDOUT, STG)#
#2026 05 14 05:32:49.875#Z#DEBUG#34c603e0-4f56-11f1-bba0-eeee0a92bc53.capApp_10-srv#flowable-async-job-executor-thread-11332#
[PollStageAppStatusExecution] 8d20a0b0-01ac-47a5-9ee1-3f512b445b4e [2026-05-14T05:27:02.836130] -----> Creating runtime environment (STDOUT, STG)#
#2026 05 14 05:32:49.875#Z#DEBUG#34c603e0-4f56-11f1-bba0-eeee0a92bc53.capApp_10-srv#flowable-async-job-executor-thread-11332#
[PollStageAppStatusExecution] 8d20a0b0-01ac-47a5-9ee1-3f512b445b4e [2026-05-14T05:27:02.838826] NODE_ENV=production (STDOUT, STG)#
#2026 05 14 05:32:49.875#Z#DEBUG#34c603e0-4f56-11f1-bba0-eeee0a92bc53.capApp_10-srv#flowable-async-job-executor-thread-11332#
[PollStageAppStatusExecution] 8d20a0b0-01ac-47a5-9ee1-3f512b445b4e [2026-05-14T05:27:02.838930] NODE_HOME=/tmp/contents1073556918/deps/0/node (STDOUT, STG)#
#2026 05 14 05:32:49.875#Z#DEBUG#34c603e0-4f56-11f1-bba0-eeee0a92bc53.capApp_10-srv#flowable-async-job-executor-thread-11332#
[PollStageAppStatusExecution] 8d20a0b0-01ac-47a5-9ee1-3f512b445b4e [2026-05-14T05:27:02.838953] NODE_MODULES_CACHE=true (STDOUT, STG)#
#2026 05 14 05:32:49.875#Z#DEBUG#34c603e0-4f56-11f1-bba0-eeee0a92bc53.capApp_10-srv#flowable-async-job-executor-thread-11332#
[PollStageAppStatusExecution] 8d20a0b0-01ac-47a5-9ee1-3f512b445b4e [2026-05-14T05:27:02.838955] NODE_VERBOSE=false (STDOUT, STG)#
#2026 05 14 05:32:49.875#Z#DEBUG#34c603e0-4f56-11f1-bba0-eeee0a92bc53.capApp_10-srv#flowable-async-job-executor-thread-11332#
[PollStageAppStatusExecution] 8d20a0b0-01ac-47a5-9ee1-3f512b445b4e [2026-05-14T05:27:02.838958] NPM_CONFIG_LOGLEVEL=error (STDOUT, STG)#
#2026 05 14 05:32:49.875#Z#DEBUG#34c603e0-4f56-11f1-bba0-eeee0a92bc53.capApp_10-srv#flowable-async-job-executor-thread-11332#
[PollStageAppStatusExecution] 8d20a0b0-01ac-47a5-9ee1-3f512b445b4e [2026-05-14T05:27:02.838962] NPM_CONFIG_PRODUCTION=true (STDOUT, STG)#
#2026 05 14 05:32:49.875#Z#DEBUG#34c603e0-4f56-11f1-bba0-eeee0a92bc53.capApp_10-srv#flowable-async-job-executor-thread-11332#
[PollStageAppStatusExecution] 8d20a0b0-01ac-47a5-9ee1-3f512b445b4e [2026-05-14T05:27:02.839042] -----> Building dependencies (STDOUT, STG)#
#2026 05 14 05:32:49.875#Z#DEBUG#34c603e0-4f56-11f1-bba0-eeee0a92bc53.capApp_10-srv#flowable-async-job-executor-thread-11332#
[PollStageAppStatusExecution] 8d20a0b0-01ac-47a5-9ee1-3f512b445b4e [2026-05-14T05:27:02.839107] Prebuild detected (node_modules already exists) (STDOUT, STG)#
#2026 05 14 05:32:49.875#Z#DEBUG#34c603e0-4f56-11f1-bba0-eeee0a92bc53.capApp_10-srv#flowable-async-job-executor-thread-11332#
[PollStageAppStatusExecution] 8d20a0b0-01ac-47a5-9ee1-3f512b445b4e [2026-05-14T05:27:02.839194] Rebuilding any native modules (STDOUT, STG)#
#2026 05 14 05:32:49.875#Z#DEBUG#34c603e0-4f56-11f1-bba0-eeee0a92bc53.capApp_10-srv#flowable-async-job-executor-thread-11332#
[PollStageAppStatusExecution] 8d20a0b0-01ac-47a5-9ee1-3f512b445b4e [2026-05-14T05:27:04.055892] rebuilt dependencies successfully (STDOUT, STG)#
#2026 05 14 05:32:49.875#Z#DEBUG#34c603e0-4f56-11f1-bba0-eeee0a92bc53.capApp_10-srv#flowable-async-job-executor-thread-11332#
[PollStageAppStatusExecution] 8d20a0b0-01ac-47a5-9ee1-3f512b445b4e [2026-05-14T05:27:04.058461] npm notice (STDOUT, STG)#
#2026 05 14 05:32:49.875#Z#DEBUG#34c603e0-4f56-11f1-bba0-eeee0a92bc53.capApp_10-srv#flowable-async-job-executor-thread-11332#
[PollStageAppStatusExecution] 8d20a0b0-01ac-47a5-9ee1-3f512b445b4e [2026-05-14T05:27:04.058501] npm notice New minor version of npm available! 11.6.2 -> 11.14.1 (STDOUT, STG)#
#2026 05 14 05:32:49.875#Z#DEBUG#34c603e0-4f56-11f1-bba0-eeee0a92bc53.capApp_10-srv#flowable-async-job-executor-thread-11332#
[PollStageAppStatusExecution] 8d20a0b0-01ac-47a5-9ee1-3f512b445b4e [2026-05-14T05:27:04.058505] npm notice Changelog: https://github.com/npm/cli/releases/tag/v11.14.1 (STDOUT, STG)#
#2026 05 14 05:32:49.875#Z#DEBUG#34c603e0-4f56-11f1-bba0-eeee0a92bc53.capApp_10-srv#flowable-async-job-executor-thread-11332#
[PollStageAppStatusExecution] 8d20a0b0-01ac-47a5-9ee1-3f512b445b4e [2026-05-14T05:27:04.058508] npm notice To update run: npm install -g npm@11.14.1 (STDOUT, STG)#
#2026 05 14 05:32:49.875#Z#DEBUG#34c603e0-4f56-11f1-bba0-eeee0a92bc53.capApp_10-srv#flowable-async-job-executor-thread-11332#
[PollStageAppStatusExecution] 8d20a0b0-01ac-47a5-9ee1-3f512b445b4e [2026-05-14T05:27:04.058515] npm notice (STDOUT, STG)#
#2026 05 14 05:32:49.875#Z#DEBUG#34c603e0-4f56-11f1-bba0-eeee0a92bc53.capApp_10-srv#flowable-async-job-executor-thread-11332#
[PollStageAppStatusExecution] 8d20a0b0-01ac-47a5-9ee1-3f512b445b4e [2026-05-14T05:27:04.141363] Installing any new modules (package.json + package-lock.json) (STDOUT, STG)#
#2026 05 14 05:32:49.875#Z#DEBUG#34c603e0-4f56-11f1-bba0-eeee0a92bc53.capApp_10-srv#flowable-async-job-executor-thread-11332#
[PollStageAppStatusExecution] 8d20a0b0-01ac-47a5-9ee1-3f512b445b4e [2026-05-14T05:27:05.295296] up to date in 1s (STDOUT, STG)#
#2026 05 14 05:32:49.875#Z#DEBUG#34c603e0-4f56-11f1-bba0-eeee0a92bc53.capApp_10-srv#flowable-async-job-executor-thread-11332#
[PollStageAppStatusExecution] 8d20a0b0-01ac-47a5-9ee1-3f512b445b4e [2026-05-14T05:27:05.295545] 35 packages are looking for funding (STDOUT, STG)#
#2026 05 14 05:32:49.875#Z#DEBUG#34c603e0-4f56-11f1-bba0-eeee0a92bc53.capApp_10-srv#flowable-async-job-executor-thread-11332#
[PollStageAppStatusExecution] 8d20a0b0-01ac-47a5-9ee1-3f512b445b4e [2026-05-14T05:27:05.295605] run `npm fund` for details (STDOUT, STG)#
#2026 05 14 05:32:49.875#Z#DEBUG#34c603e0-4f56-11f1-bba0-eeee0a92bc53.capApp_10-srv#flowable-async-job-executor-thread-11332#
[PollStageAppStatusExecution] 8d20a0b0-01ac-47a5-9ee1-3f512b445b4e [2026-05-14T05:27:07.407325] Contrast Security no credentials found. Will not write environment files. (STDOUT, STG)#
#2026 05 14 05:32:49.875#Z#DEBUG#34c603e0-4f56-11f1-bba0-eeee0a92bc53.capApp_10-srv#flowable-async-job-executor-thread-11332#
[PollStageAppStatusExecution] 8d20a0b0-01ac-47a5-9ee1-3f512b445b4e [2026-05-14T05:27:22.153135] Exit status 0 (STDOUT, STG)#
#2026 05 14 05:32:49.875#Z#DEBUG#34c603e0-4f56-11f1-bba0-eeee0a92bc53.capApp_10-srv#flowable-async-job-executor-thread-11332#
[PollStageAppStatusExecution] 8d20a0b0-01ac-47a5-9ee1-3f512b445b4e [2026-05-14T05:27:22.153237] Uploading droplet, build artifacts cache... (STDOUT, STG)#
#2026 05 14 05:32:49.875#Z#DEBUG#34c603e0-4f56-11f1-bba0-eeee0a92bc53.capApp_10-srv#flowable-async-job-executor-thread-11332#
[PollStageAppStatusExecution] 8d20a0b0-01ac-47a5-9ee1-3f512b445b4e [2026-05-14T05:27:22.153350] Uploading build artifacts cache... (STDOUT, STG)#
#2026 05 14 05:32:49.875#Z#DEBUG#34c603e0-4f56-11f1-bba0-eeee0a92bc53.capApp_10-srv#flowable-async-job-executor-thread-11332#
[PollStageAppStatusExecution] 8d20a0b0-01ac-47a5-9ee1-3f512b445b4e [2026-05-14T05:27:22.153354] Uploading droplet... (STDOUT, STG)#
#2026 05 14 05:32:49.875#Z#DEBUG#34c603e0-4f56-11f1-bba0-eeee0a92bc53.capApp_10-srv#flowable-async-job-executor-thread-11332#
[PollStageAppStatusExecution] 8d20a0b0-01ac-47a5-9ee1-3f512b445b4e [2026-05-14T05:27:22.179526] Uploaded build artifacts cache (226B) (STDOUT, STG)#
#2026 05 14 05:32:49.875#Z#DEBUG#34c603e0-4f56-11f1-bba0-eeee0a92bc53.capApp_10-srv#flowable-async-job-executor-thread-11332#
[PollStageAppStatusExecution] 8d20a0b0-01ac-47a5-9ee1-3f512b445b4e [2026-05-14T05:27:22.938951] Creating droplet for app with guid 8d20a0b0-01ac-47a5-9ee1-3f512b445b4e (STDOUT, API)#
#2026 05 14 05:32:49.875#Z#DEBUG#34c603e0-4f56-11f1-bba0-eeee0a92bc53.capApp_10-srv#flowable-async-job-executor-thread-11332#
[PollStageAppStatusExecution] 8d20a0b0-01ac-47a5-9ee1-3f512b445b4e [2026-05-14T05:27:29.013064] Uploaded droplet (65.6M) (STDOUT, STG)#
#2026 05 14 05:32:49.875#Z#DEBUG#34c603e0-4f56-11f1-bba0-eeee0a92bc53.capApp_10-srv#flowable-async-job-executor-thread-11332#
[PollStageAppStatusExecution] 8d20a0b0-01ac-47a5-9ee1-3f512b445b4e [2026-05-14T05:27:29.038160] Uploading complete (STDOUT, STG)#
#2026 05 14 05:32:49.875#Z#DEBUG#34c603e0-4f56-11f1-bba0-eeee0a92bc53.capApp_10-srv#flowable-async-job-executor-thread-11332#
[PollStageAppStatusExecution] 8d20a0b0-01ac-47a5-9ee1-3f512b445b4e [2026-05-14T05:27:30.831217] Cell d1cc041a-d5a1-41d6-b9f6-6cda736ce3f0 stopping instance 4f2605ec-2fdf-4586-843f-7a865e2d8d6c (STDOUT, STG)#
#2026 05 14 05:32:49.875#Z#DEBUG#34c603e0-4f56-11f1-bba0-eeee0a92bc53.capApp_10-srv#flowable-async-job-executor-thread-11332#
[PollStageAppStatusExecution] 8d20a0b0-01ac-47a5-9ee1-3f512b445b4e [2026-05-14T05:27:30.831260] Cell d1cc041a-d5a1-41d6-b9f6-6cda736ce3f0 destroying container for instance 4f2605ec-2fdf-4586-843f-7a865e2d8d6c (STDOUT, STG)#
#2026 05 14 05:32:49.875#Z#DEBUG#34c603e0-4f56-11f1-bba0-eeee0a92bc53.capApp_10-srv#flowable-async-job-executor-thread-11332#
[PollStageAppStatusExecution] 8d20a0b0-01ac-47a5-9ee1-3f512b445b4e [2026-05-14T05:27:30.881179] Staging complete for build 4f2605ec-2fdf-4586-843f-7a865e2d8d6c (STDOUT, API)#
#2026 05 14 05:32:49.875#Z#DEBUG#34c603e0-4f56-11f1-bba0-eeee0a92bc53.capApp_10-srv#flowable-async-job-executor-thread-11332#
[PollStageAppStatusExecution] 8d20a0b0-01ac-47a5-9ee1-3f512b445b4e [2026-05-14T05:27:34.234054] Cell d1cc041a-d5a1-41d6-b9f6-6cda736ce3f0 successfully destroyed container for instance 4f2605ec-2fdf-4586-843f-7a865e2d8d6c (STDOUT, STG)#
#2026 05 14 05:32:49.875#Z#DEBUG#34c603e0-4f56-11f1-bba0-eeee0a92bc53.capApp_10-srv#flowable-async-job-executor-thread-11332#
[PollStageAppStatusExecution] 8d20a0b0-01ac-47a5-9ee1-3f512b445b4e [2026-05-14T05:27:38.014913] Updated app with guid 8d20a0b0-01ac-47a5-9ee1-3f512b445b4e ({:droplet_guid=>"2c0986bb-5fac-480b-8961-ff8e3a0dc9a9"}) (STDOUT, API)#
#2026 05 14 05:32:49.875#Z#DEBUG#34c603e0-4f56-11f1-bba0-eeee0a92bc53.capApp_10-srv#flowable-async-job-executor-thread-11332#
[PollStageAppStatusExecution] 8d20a0b0-01ac-47a5-9ee1-3f512b445b4e [2026-05-14T05:27:38.214050] Creating revision for app with guid 8d20a0b0-01ac-47a5-9ee1-3f512b445b4e (STDOUT, API)#
#2026 05 14 05:32:49.875#Z#DEBUG#34c603e0-4f56-11f1-bba0-eeee0a92bc53.capApp_10-srv#flowable-async-job-executor-thread-11332#
[PollStageAppStatusExecution] 8d20a0b0-01ac-47a5-9ee1-3f512b445b4e [2026-05-14T05:27:38.254913] Starting app with guid 8d20a0b0-01ac-47a5-9ee1-3f512b445b4e (STDOUT, API)#
#2026 05 14 05:32:49.875#Z#DEBUG#34c603e0-4f56-11f1-bba0-eeee0a92bc53.capApp_10-srv#flowable-async-job-executor-thread-11332#
[PollStageAppStatusExecution] 8d20a0b0-01ac-47a5-9ee1-3f512b445b4e [2026-05-14T05:27:38.499989] Cell 77283d80-dfa7-40ba-ba4e-265aef112085 creating container for instance a429e0de-efc4-4c05-66c0-d9c0 (STDOUT, CELL)#
#2026 05 14 05:32:49.875#Z#DEBUG#34c603e0-4f56-11f1-bba0-eeee0a92bc53.capApp_10-srv#flowable-async-job-executor-thread-11332#
[PollStageAppStatusExecution] 8d20a0b0-01ac-47a5-9ee1-3f512b445b4e [2026-05-14T05:27:38.877929] Security group rules were updated (STDOUT, CELL)#
#2026 05 14 05:32:49.875#Z#DEBUG#34c603e0-4f56-11f1-bba0-eeee0a92bc53.capApp_10-srv#flowable-async-job-executor-thread-11332#
[PollStageAppStatusExecution] 8d20a0b0-01ac-47a5-9ee1-3f512b445b4e [2026-05-14T05:27:38.946911] Cell 77283d80-dfa7-40ba-ba4e-265aef112085 successfully created container for instance a429e0de-efc4-4c05-66c0-d9c0 (STDOUT, CELL)#
#2026 05 14 05:32:49.875#Z#DEBUG#34c603e0-4f56-11f1-bba0-eeee0a92bc53.capApp_10-srv#flowable-async-job-executor-thread-11332#
[PollStageAppStatusExecution] 8d20a0b0-01ac-47a5-9ee1-3f512b445b4e [2026-05-14T05:27:39.370613] Downloading droplet... (STDOUT, CELL)#
#2026 05 14 05:32:49.875#Z#DEBUG#34c603e0-4f56-11f1-bba0-eeee0a92bc53.capApp_10-srv#flowable-async-job-executor-thread-11332#
[PollStageAppStatusExecution] 8d20a0b0-01ac-47a5-9ee1-3f512b445b4e [2026-05-14T05:27:43.356126] Downloaded droplet (65.6M) (STDOUT, CELL)#
#2026 05 14 05:32:49.875#Z#DEBUG#34c603e0-4f56-11f1-bba0-eeee0a92bc53.capApp_10-srv#flowable-async-job-executor-thread-11332#
[PollStageAppStatusExecution] 8d20a0b0-01ac-47a5-9ee1-3f512b445b4e [2026-05-14T05:27:43.356282] Starting health monitoring of container (STDOUT, CELL)#
#2026 05 14 05:32:49.875#Z#DEBUG#34c603e0-4f56-11f1-bba0-eeee0a92bc53.capApp_10-srv#flowable-async-job-executor-thread-11332#
[PollStageAppStatusExecution] 8d20a0b0-01ac-47a5-9ee1-3f512b445b4e [2026-05-14T05:27:43.418280] Invoking pre-start scripts. (STDOUT, APP/PROC/WEB)#
#2026 05 14 05:32:49.875#Z#DEBUG#34c603e0-4f56-11f1-bba0-eeee0a92bc53.capApp_10-srv#flowable-async-job-executor-thread-11332#
[PollStageAppStatusExecution] 8d20a0b0-01ac-47a5-9ee1-3f512b445b4e [2026-05-14T05:27:43.562018] Invoking start command. (STDOUT, APP/PROC/WEB)#
#2026 05 14 05:32:49.875#Z#DEBUG#34c603e0-4f56-11f1-bba0-eeee0a92bc53.capApp_10-srv#flowable-async-job-executor-thread-11332#
[PollStageAppStatusExecution] 8d20a0b0-01ac-47a5-9ee1-3f512b445b4e [2026-05-14T05:27:43.871290] > capApp_10@1.0.0 start (STDOUT, APP/PROC/WEB)#
#2026 05 14 05:32:49.875#Z#DEBUG#34c603e0-4f56-11f1-bba0-eeee0a92bc53.capApp_10-srv#flowable-async-job-executor-thread-11332#
[PollStageAppStatusExecution] 8d20a0b0-01ac-47a5-9ee1-3f512b445b4e [2026-05-14T05:27:43.871306] > cds-serve (STDOUT, APP/PROC/WEB)#
#2026 05 14 05:32:49.875#Z#DEBUG#34c603e0-4f56-11f1-bba0-eeee0a92bc53.capApp_10-srv#flowable-async-job-executor-thread-11332#
[PollStageAppStatusExecution] 8d20a0b0-01ac-47a5-9ee1-3f512b445b4e [2026-05-14T05:27:44.088066] {"level":"info","logger":"cds","timestamp":"2026-05-14T05:27:44.086Z","layer":"cds","component_type":"application","container_id":"10.32.3.6","component_id":"8d20a0b0-01ac-47a5-9ee1-3f512b445b4e","component_name":"capApp_10-srv","component_instance":0,"source_instance":0,"organization_name":"4ab2e66atrial","organization_id":"cb52df67-003c-4d43-8e48-fd202d5df2b2","space_name":"dev","space_id":"54ab3ff4-d0b3-40b5-9db9-24e6ee6d49cc","msg":"loaded model from 1 file(s):\n ","type":"log"} (STDOUT, APP/PROC/WEB)#
#2026 05 14 05:32:49.875#Z#DEBUG#34c603e0-4f56-11f1-bba0-eeee0a92bc53.capApp_10-srv#flowable-async-job-executor-thread-11332#
[PollStageAppStatusExecution] 8d20a0b0-01ac-47a5-9ee1-3f512b445b4e [2026-05-14T05:27:44.088312] srv/csn.json (STDOUT, APP/PROC/WEB)#
#2026 05 14 05:32:49.875#Z#DEBUG#34c603e0-4f56-11f1-bba0-eeee0a92bc53.capApp_10-srv#flowable-async-job-executor-thread-11332#
[PollStageAppStatusExecution] 8d20a0b0-01ac-47a5-9ee1-3f512b445b4e [2026-05-14T05:27:44.248151] {"level":"info","logger":"cds","timestamp":"2026-05-14T05:27:44.247Z","layer":"cds","component_type":"application","container_id":"10.32.3.6","component_id":"8d20a0b0-01ac-47a5-9ee1-3f512b445b4e","component_name":"capApp_10-srv","component_instance":0,"source_instance":0,"organization_name":"4ab2e66atrial","organization_id":"cb52df67-003c-4d43-8e48-fd202d5df2b2","space_name":"dev","space_id":"54ab3ff4-d0b3-40b5-9db9-24e6ee6d49cc","msg":"connect to db > hana {\n  database_id: '6fdd3af3-f740-43bd-99f1-c64ce67bb61c',\n  host: '6fdd3af3-f740-43bd-99f1-c64ce67bb61c.hna1.prod-us10.hanacloud.ondemand.com',\n  port: '443',\n  driver: 'com.sap.db.jdbc.Driver',\n  url: 'jdbc:sap://6fdd3af3-f740-43bd-99f1-c64ce67bb61c.hna1.prod-us10.hanacloud.ondemand.com:443?encrypt=true&validateCertificate=true&currentschema=38C076E4E7DF4E0886260087FFEF654C',\n  schema: '38C076E4E7DF4E0886260087FFEF654C',\n  certificate: '...',\n  hdi_user: '38C076E4E7DF4E0886260087FFEF654C_9RC0BO9UV9QGYWB5CG69D36Q4_DT',\n  hdi_password: '...',\n  user: '38C076E4E7DF4E0886260087FFEF654C_9RC0BO9UV9QGYWB5CG69D36Q4_RT',\n  password: '...'\n}","type":"log"} (STDOUT, APP/PROC/WEB)#
#2026 05 14 05:32:49.875#Z#DEBUG#34c603e0-4f56-11f1-bba0-eeee0a92bc53.capApp_10-srv#flowable-async-job-executor-thread-11332#
[PollStageAppStatusExecution] 8d20a0b0-01ac-47a5-9ee1-3f512b445b4e [2026-05-14T05:27:44.280373] {"level":"info","logger":"cds","timestamp":"2026-05-14T05:27:44.280Z","layer":"cds","component_type":"application","container_id":"10.32.3.6","component_id":"8d20a0b0-01ac-47a5-9ee1-3f512b445b4e","component_name":"capApp_10-srv","component_instance":0,"source_instance":0,"organization_name":"4ab2e66atrial","organization_id":"cb52df67-003c-4d43-8e48-fd202d5df2b2","space_name":"dev","space_id":"54ab3ff4-d0b3-40b5-9db9-24e6ee6d49cc","msg":"using auth strategy { kind: 'jwt' }","type":"log"} (STDOUT, APP/PROC/WEB)#
#2026 05 14 05:32:49.875#Z#DEBUG#34c603e0-4f56-11f1-bba0-eeee0a92bc53.capApp_10-srv#flowable-async-job-executor-thread-11332#
[PollStageAppStatusExecution] 8d20a0b0-01ac-47a5-9ee1-3f512b445b4e [2026-05-14T05:27:44.324468] {"level":"info","logger":"cds","timestamp":"2026-05-14T05:27:44.324Z","layer":"cds","component_type":"application","container_id":"10.32.3.6","component_id":"8d20a0b0-01ac-47a5-9ee1-3f512b445b4e","component_name":"capApp_10-srv","component_instance":0,"source_instance":0,"organization_name":"4ab2e66atrial","organization_id":"cb52df67-003c-4d43-8e48-fd202d5df2b2","space_name":"dev","space_id":"54ab3ff4-d0b3-40b5-9db9-24e6ee6d49cc","msg":"serving leaveManagementService {\n  at: [ '/leavemanage' ],\n  decl: 'srv/csn.json:178',\n  impl: 'srv/service.js'\n}","type":"log"} (STDOUT, APP/PROC/WEB)#
#2026 05 14 05:32:49.875#Z#DEBUG#34c603e0-4f56-11f1-bba0-eeee0a92bc53.capApp_10-srv#flowable-async-job-executor-thread-11332#
[PollStageAppStatusExecution] 8d20a0b0-01ac-47a5-9ee1-3f512b445b4e [2026-05-14T05:27:44.328384] {"level":"info","logger":"cds","timestamp":"2026-05-14T05:27:44.328Z","layer":"cds","component_type":"application","container_id":"10.32.3.6","component_id":"8d20a0b0-01ac-47a5-9ee1-3f512b445b4e","component_name":"capApp_10-srv","component_instance":0,"source_instance":0,"organization_name":"4ab2e66atrial","organization_id":"cb52df67-003c-4d43-8e48-fd202d5df2b2","space_name":"dev","space_id":"54ab3ff4-d0b3-40b5-9db9-24e6ee6d49cc","msg":"server listening on { url: 'http://localhost:8080' }","type":"log"} (STDOUT, APP/PROC/WEB)#
#2026 05 14 05:32:49.875#Z#DEBUG#34c603e0-4f56-11f1-bba0-eeee0a92bc53.capApp_10-srv#flowable-async-job-executor-thread-11332#
[PollStageAppStatusExecution] 8d20a0b0-01ac-47a5-9ee1-3f512b445b4e [2026-05-14T05:27:44.329228] {"level":"info","logger":"cds","timestamp":"2026-05-14T05:27:44.329Z","layer":"cds","component_type":"application","container_id":"10.32.3.6","component_id":"8d20a0b0-01ac-47a5-9ee1-3f512b445b4e","component_name":"capApp_10-srv","component_instance":0,"source_instance":0,"organization_name":"4ab2e66atrial","organization_id":"cb52df67-003c-4d43-8e48-fd202d5df2b2","space_name":"dev","space_id":"54ab3ff4-d0b3-40b5-9db9-24e6ee6d49cc","msg":"server v9.9.1 launched in 449 ms","type":"log"} (STDOUT, APP/PROC/WEB)#
#2026 05 14 05:32:49.875#Z#DEBUG#34c603e0-4f56-11f1-bba0-eeee0a92bc53.capApp_10-srv#flowable-async-job-executor-thread-11332#
[PollStageAppStatusExecution] 8d20a0b0-01ac-47a5-9ee1-3f512b445b4e [2026-05-14T05:27:46.468380] Container became healthy (STDOUT, CELL)#
#2026 05 14 05:32:49.875#Z#DEBUG#34c603e0-4f56-11f1-bba0-eeee0a92bc53.capApp_10-srv#flowable-async-job-executor-thread-11332#
[PollStageAppStatusExecution] 8d20a0b0-01ac-47a5-9ee1-3f512b445b4e [2026-05-14T05:27:46.496326] Process became ready with guid 8d20a0b0-01ac-47a5-9ee1-3f512b445b4e payload: {"instance"=>"a429e0de-efc4-4c05-66c0-d9c0", "index"=>0, "cell_id"=>"77283d80-dfa7-40ba-ba4e-265aef112085", "ready"=>true, "version"=>"6db8267e-e796-4226-9b38-0de91dc59ed7"} (STDOUT, API)#
#2026 05 14 05:32:49.875#Z#DEBUG#34c603e0-4f56-11f1-bba0-eeee0a92bc53.capApp_10-srv#flowable-async-job-executor-thread-11332#
[PollStageAppStatusExecution] 8d20a0b0-01ac-47a5-9ee1-3f512b445b4e [2026-05-14T05:27:54.692335] Cell c839c7b1-088e-41af-b9b7-66256aacd457 destroying container for instance 706bab4b-6d45-42b7-7028-0b73 (STDOUT, CELL)#
#2026 05 14 05:32:49.875#Z#DEBUG#34c603e0-4f56-11f1-bba0-eeee0a92bc53.capApp_10-srv#flowable-async-job-executor-thread-11332#
[PollStageAppStatusExecution] 8d20a0b0-01ac-47a5-9ee1-3f512b445b4e [2026-05-14T05:27:54.899629] Exit status 137 (STDOUT, PROXY)#
#2026 05 14 05:32:49.875#Z#DEBUG#34c603e0-4f56-11f1-bba0-eeee0a92bc53.capApp_10-srv#flowable-async-job-executor-thread-11332#
[PollStageAppStatusExecution] 8d20a0b0-01ac-47a5-9ee1-3f512b445b4e [2026-05-14T05:27:58.523668] Cell c839c7b1-088e-41af-b9b7-66256aacd457 successfully destroyed container for instance 706bab4b-6d45-42b7-7028-0b73 (STDOUT, CELL)#
#2026 05 14 05:32:49.875#Z#DEBUG#34c603e0-4f56-11f1-bba0-eeee0a92bc53.capApp_10-srv#flowable-async-job-executor-thread-11332#
[PollStageAppStatusExecution] 8d20a0b0-01ac-47a5-9ee1-3f512b445b4e [2026-05-14T05:32:02.975991] Updated app with guid 8d20a0b0-01ac-47a5-9ee1-3f512b445b4e ({"lifecycle"=>{"data"=>{"buildpacks"=>["nodejs_buildpack"]}, "type"=>"buildpack"}}) (STDOUT, API)#
#2026 05 14 05:32:49.875#Z#DEBUG#34c603e0-4f56-11f1-bba0-eeee0a92bc53.capApp_10-srv#flowable-async-job-executor-thread-11332#
[PollStageAppStatusExecution] 8d20a0b0-01ac-47a5-9ee1-3f512b445b4e [2026-05-14T05:32:03.073435] Updating process: "web" (STDOUT, API)#
#2026 05 14 05:32:49.875#Z#DEBUG#34c603e0-4f56-11f1-bba0-eeee0a92bc53.capApp_10-srv#flowable-async-job-executor-thread-11332#
[PollStageAppStatusExecution] 8d20a0b0-01ac-47a5-9ee1-3f512b445b4e [2026-05-14T05:32:29.855412] Uploading app package for app with guid 8d20a0b0-01ac-47a5-9ee1-3f512b445b4e (STDOUT, API)#
#2026 05 14 05:32:49.875#Z#DEBUG#34c603e0-4f56-11f1-bba0-eeee0a92bc53.capApp_10-srv#flowable-async-job-executor-thread-11332#
[PollStageAppStatusExecution] 8d20a0b0-01ac-47a5-9ee1-3f512b445b4e [2026-05-14T05:32:30.079187] Updated app with guid 8d20a0b0-01ac-47a5-9ee1-3f512b445b4e ({"environment_variables"=>"[PRIVATE DATA HIDDEN]"}) (STDOUT, API)#
#2026 05 14 05:32:49.875#Z#DEBUG#34c603e0-4f56-11f1-bba0-eeee0a92bc53.capApp_10-srv#flowable-async-job-executor-thread-11332#
[PollStageAppStatusExecution] 8d20a0b0-01ac-47a5-9ee1-3f512b445b4e [2026-05-14T05:32:40.272466] Stopping app with guid 8d20a0b0-01ac-47a5-9ee1-3f512b445b4e (STDOUT, API)#
#2026 05 14 05:32:49.875#Z#DEBUG#34c603e0-4f56-11f1-bba0-eeee0a92bc53.capApp_10-srv#flowable-async-job-executor-thread-11332#
[PollStageAppStatusExecution] 8d20a0b0-01ac-47a5-9ee1-3f512b445b4e [2026-05-14T05:32:40.306161] Cell 77283d80-dfa7-40ba-ba4e-265aef112085 stopping instance a429e0de-efc4-4c05-66c0-d9c0 (STDOUT, CELL)#
#2026 05 14 05:32:49.875#Z#DEBUG#34c603e0-4f56-11f1-bba0-eeee0a92bc53.capApp_10-srv#flowable-async-job-executor-thread-11332#
[PollStageAppStatusExecution] 8d20a0b0-01ac-47a5-9ee1-3f512b445b4e [2026-05-14T05:32:40.501053] Creating build for app with guid 8d20a0b0-01ac-47a5-9ee1-3f512b445b4e (STDOUT, API)#
#2026 05 14 05:32:49.875#Z#DEBUG#34c603e0-4f56-11f1-bba0-eeee0a92bc53.capApp_10-srv#flowable-async-job-executor-thread-11332#
[PollStageAppStatusExecution] 8d20a0b0-01ac-47a5-9ee1-3f512b445b4e [2026-05-14T05:32:40.930217] Downloading nodejs_buildpack... (STDOUT, STG)#
#2026 05 14 05:32:49.875#Z#DEBUG#34c603e0-4f56-11f1-bba0-eeee0a92bc53.capApp_10-srv#flowable-async-job-executor-thread-11332#
[PollStageAppStatusExecution] 8d20a0b0-01ac-47a5-9ee1-3f512b445b4e [2026-05-14T05:32:40.983492] Downloaded nodejs_buildpack (STDOUT, STG)#
#2026 05 14 05:32:49.875#Z#DEBUG#34c603e0-4f56-11f1-bba0-eeee0a92bc53.capApp_10-srv#flowable-async-job-executor-thread-11332#
[PollStageAppStatusExecution] 8d20a0b0-01ac-47a5-9ee1-3f512b445b4e [2026-05-14T05:32:40.983590] Cell c839c7b1-088e-41af-b9b7-66256aacd457 creating container for instance 6e0bbf49-7425-4837-a1f0-e93c4dd74529 (STDOUT, STG)#
#2026 05 14 05:32:49.875#Z#DEBUG#34c603e0-4f56-11f1-bba0-eeee0a92bc53.capApp_10-srv#flowable-async-job-executor-thread-11332#
[PollStageAppStatusExecution] 8d20a0b0-01ac-47a5-9ee1-3f512b445b4e [2026-05-14T05:32:41.806083] Security group rules were updated (STDOUT, STG)#
#2026 05 14 05:32:49.875#Z#DEBUG#34c603e0-4f56-11f1-bba0-eeee0a92bc53.capApp_10-srv#flowable-async-job-executor-thread-11332#
[PollStageAppStatusExecution] 8d20a0b0-01ac-47a5-9ee1-3f512b445b4e [2026-05-14T05:32:41.906677] Cell c839c7b1-088e-41af-b9b7-66256aacd457 successfully created container for instance 6e0bbf49-7425-4837-a1f0-e93c4dd74529 (STDOUT, STG)#
#2026 05 14 05:32:49.875#Z#DEBUG#34c603e0-4f56-11f1-bba0-eeee0a92bc53.capApp_10-srv#flowable-async-job-executor-thread-11332#
[PollStageAppStatusExecution] 8d20a0b0-01ac-47a5-9ee1-3f512b445b4e [2026-05-14T05:32:42.149649] Downloading app package... (STDOUT, STG)#
#2026 05 14 05:32:49.875#Z#DEBUG#34c603e0-4f56-11f1-bba0-eeee0a92bc53.capApp_10-srv#flowable-async-job-executor-thread-11332#
[PollStageAppStatusExecution] 8d20a0b0-01ac-47a5-9ee1-3f512b445b4e [2026-05-14T05:32:42.150548] Downloading build artifacts cache... (STDOUT, STG)#
#2026 05 14 05:32:49.875#Z#DEBUG#34c603e0-4f56-11f1-bba0-eeee0a92bc53.capApp_10-srv#flowable-async-job-executor-thread-11332#
[PollStageAppStatusExecution] 8d20a0b0-01ac-47a5-9ee1-3f512b445b4e [2026-05-14T05:32:42.267161] Downloaded build artifacts cache (226B) (STDOUT, STG)#
#2026 05 14 05:32:49.875#Z#DEBUG#34c603e0-4f56-11f1-bba0-eeee0a92bc53.capApp_10-srv#flowable-async-job-executor-thread-11332#
[PollStageAppStatusExecution] 8d20a0b0-01ac-47a5-9ee1-3f512b445b4e [2026-05-14T05:32:44.014776] Downloaded app package (12.3M) (STDOUT, STG)#
#2026 05 14 05:32:49.875#Z#DEBUG#34c603e0-4f56-11f1-bba0-eeee0a92bc53.capApp_10-srv#flowable-async-job-executor-thread-11332#
[PollStageAppStatusExecution] 8d20a0b0-01ac-47a5-9ee1-3f512b445b4e [2026-05-14T05:32:44.145138] -----> Nodejs Buildpack version 1.8.44 (STDOUT, STG)#
#2026 05 14 05:32:49.875#Z#DEBUG#34c603e0-4f56-11f1-bba0-eeee0a92bc53.capApp_10-srv#flowable-async-job-executor-thread-11332#
[PollStageAppStatusExecution] 8d20a0b0-01ac-47a5-9ee1-3f512b445b4e [2026-05-14T05:32:45.096876] -----> Bootstrapping python (STDOUT, STG)#
#2026 05 14 05:32:49.875#Z#DEBUG#34c603e0-4f56-11f1-bba0-eeee0a92bc53.capApp_10-srv#flowable-async-job-executor-thread-11332#
[PollStageAppStatusExecution] 8d20a0b0-01ac-47a5-9ee1-3f512b445b4e [2026-05-14T05:32:45.096901] -----> Installing python 3.11.14 (STDOUT, STG)#
#2026 05 14 05:32:49.875#Z#DEBUG#34c603e0-4f56-11f1-bba0-eeee0a92bc53.capApp_10-srv#flowable-async-job-executor-thread-11332#
[PollStageAppStatusExecution] 8d20a0b0-01ac-47a5-9ee1-3f512b445b4e [2026-05-14T05:32:45.096975] Copy [/tmp/buildpacks/978cee5ec9c58000/dependencies/b5e0345ae0ae1932e7d56fffaa49a487/python_3.11.14_linux_x64_cflinuxfs4_66f53248.tgz] (STDOUT, STG)#
#2026 05 14 05:32:59.818#Z#DEBUG#34c603e0-4f56-11f1-bba0-eeee0a92bc53.capApp_10-srv#flowable-async-job-executor-thread-11340#
[PollStageAppStatusExecution] 8d20a0b0-01ac-47a5-9ee1-3f512b445b4e [2026-05-14T05:32:50.401556] -----> Installing binaries (STDOUT, STG)#
#2026 05 14 05:32:59.818#Z#DEBUG#34c603e0-4f56-11f1-bba0-eeee0a92bc53.capApp_10-srv#flowable-async-job-executor-thread-11340#
[PollStageAppStatusExecution] 8d20a0b0-01ac-47a5-9ee1-3f512b445b4e [2026-05-14T05:32:50.401821] engines.node (package.json): >=20 (STDOUT, STG)#
#2026 05 14 05:32:59.818#Z#DEBUG#34c603e0-4f56-11f1-bba0-eeee0a92bc53.capApp_10-srv#flowable-async-job-executor-thread-11340#
[PollStageAppStatusExecution] 8d20a0b0-01ac-47a5-9ee1-3f512b445b4e [2026-05-14T05:32:50.401843] engines.npm (package.json): unspecified (use default) (STDOUT, STG)#
#2026 05 14 05:32:59.818#Z#DEBUG#34c603e0-4f56-11f1-bba0-eeee0a92bc53.capApp_10-srv#flowable-async-job-executor-thread-11340#
[PollStageAppStatusExecution] 8d20a0b0-01ac-47a5-9ee1-3f512b445b4e [2026-05-14T05:32:50.401864] [31;1m**WARNING**[0m Dangerous semver range (>) in engines.node. See: http://docs.cloudfoundry.org/buildpacks/node/node-tips.html (STDOUT, STG)#
#2026 05 14 05:32:59.818#Z#DEBUG#34c603e0-4f56-11f1-bba0-eeee0a92bc53.capApp_10-srv#flowable-async-job-executor-thread-11340#
[PollStageAppStatusExecution] 8d20a0b0-01ac-47a5-9ee1-3f512b445b4e [2026-05-14T05:32:50.401983] -----> Installing node 24.13.0 (STDOUT, STG)#
#2026 05 14 05:32:59.818#Z#DEBUG#34c603e0-4f56-11f1-bba0-eeee0a92bc53.capApp_10-srv#flowable-async-job-executor-thread-11340#
[PollStageAppStatusExecution] 8d20a0b0-01ac-47a5-9ee1-3f512b445b4e [2026-05-14T05:32:50.402166] Copy [/tmp/buildpacks/978cee5ec9c58000/dependencies/2f5692219fecc3eee6e6d507a6bfe7b9/node_24.13.0_linux_x64_cflinuxfs4_a816dee1.tgz] (STDOUT, STG)#
#2026 05 14 05:32:59.818#Z#DEBUG#34c603e0-4f56-11f1-bba0-eeee0a92bc53.capApp_10-srv#flowable-async-job-executor-thread-11340#
[PollStageAppStatusExecution] 8d20a0b0-01ac-47a5-9ee1-3f512b445b4e [2026-05-14T05:32:54.641724] Using default npm version: 11.6.2 (STDOUT, STG)#
#2026 05 14 05:32:59.818#Z#DEBUG#34c603e0-4f56-11f1-bba0-eeee0a92bc53.capApp_10-srv#flowable-async-job-executor-thread-11340#
[PollStageAppStatusExecution] 8d20a0b0-01ac-47a5-9ee1-3f512b445b4e [2026-05-14T05:32:54.641752] -----> Installing yarn 1.22.22 (STDOUT, STG)#
#2026 05 14 05:32:59.818#Z#DEBUG#34c603e0-4f56-11f1-bba0-eeee0a92bc53.capApp_10-srv#flowable-async-job-executor-thread-11340#
[PollStageAppStatusExecution] 8d20a0b0-01ac-47a5-9ee1-3f512b445b4e [2026-05-14T05:32:54.641978] Copy [/tmp/buildpacks/978cee5ec9c58000/dependencies/e3a39aedd1236924d69cc2d0637a8ed2/yarn_1.22.22_linux_noarch_any-stack_4911d0a6.tgz] (STDOUT, STG)#
#2026 05 14 05:32:59.818#Z#DEBUG#34c603e0-4f56-11f1-bba0-eeee0a92bc53.capApp_10-srv#flowable-async-job-executor-thread-11340#
[PollStageAppStatusExecution] 8d20a0b0-01ac-47a5-9ee1-3f512b445b4e [2026-05-14T05:32:55.016779] Installed yarn 1.22.22 (STDOUT, STG)#
#2026 05 14 05:32:59.818#Z#DEBUG#34c603e0-4f56-11f1-bba0-eeee0a92bc53.capApp_10-srv#flowable-async-job-executor-thread-11340#
[PollStageAppStatusExecution] 8d20a0b0-01ac-47a5-9ee1-3f512b445b4e [2026-05-14T05:32:55.016813] -----> Creating runtime environment (STDOUT, STG)#
#2026 05 14 05:32:59.818#Z#DEBUG#34c603e0-4f56-11f1-bba0-eeee0a92bc53.capApp_10-srv#flowable-async-job-executor-thread-11340#
[PollStageAppStatusExecution] 8d20a0b0-01ac-47a5-9ee1-3f512b445b4e [2026-05-14T05:32:55.018584] NODE_ENV=production (STDOUT, STG)#
#2026 05 14 05:32:59.818#Z#DEBUG#34c603e0-4f56-11f1-bba0-eeee0a92bc53.capApp_10-srv#flowable-async-job-executor-thread-11340#
[PollStageAppStatusExecution] 8d20a0b0-01ac-47a5-9ee1-3f512b445b4e [2026-05-14T05:32:55.018602] NODE_HOME=/tmp/contents239061043/deps/0/node (STDOUT, STG)#
#2026 05 14 05:32:59.818#Z#DEBUG#34c603e0-4f56-11f1-bba0-eeee0a92bc53.capApp_10-srv#flowable-async-job-executor-thread-11340#
[PollStageAppStatusExecution] 8d20a0b0-01ac-47a5-9ee1-3f512b445b4e [2026-05-14T05:32:55.018605] NODE_MODULES_CACHE=true (STDOUT, STG)#
#2026 05 14 05:32:59.818#Z#DEBUG#34c603e0-4f56-11f1-bba0-eeee0a92bc53.capApp_10-srv#flowable-async-job-executor-thread-11340#
[PollStageAppStatusExecution] 8d20a0b0-01ac-47a5-9ee1-3f512b445b4e [2026-05-14T05:32:55.018608] NODE_VERBOSE=false (STDOUT, STG)#
#2026 05 14 05:32:59.818#Z#DEBUG#34c603e0-4f56-11f1-bba0-eeee0a92bc53.capApp_10-srv#flowable-async-job-executor-thread-11340#
[PollStageAppStatusExecution] 8d20a0b0-01ac-47a5-9ee1-3f512b445b4e [2026-05-14T05:32:55.018614] NPM_CONFIG_LOGLEVEL=error (STDOUT, STG)#
#2026 05 14 05:32:59.818#Z#DEBUG#34c603e0-4f56-11f1-bba0-eeee0a92bc53.capApp_10-srv#flowable-async-job-executor-thread-11340#
[PollStageAppStatusExecution] 8d20a0b0-01ac-47a5-9ee1-3f512b445b4e [2026-05-14T05:32:55.018621] NPM_CONFIG_PRODUCTION=true (STDOUT, STG)#
#2026 05 14 05:32:59.818#Z#DEBUG#34c603e0-4f56-11f1-bba0-eeee0a92bc53.capApp_10-srv#flowable-async-job-executor-thread-11340#
[PollStageAppStatusExecution] 8d20a0b0-01ac-47a5-9ee1-3f512b445b4e [2026-05-14T05:32:55.018635] -----> Building dependencies (STDOUT, STG)#
#2026 05 14 05:32:59.818#Z#DEBUG#34c603e0-4f56-11f1-bba0-eeee0a92bc53.capApp_10-srv#flowable-async-job-executor-thread-11340#
[PollStageAppStatusExecution] 8d20a0b0-01ac-47a5-9ee1-3f512b445b4e [2026-05-14T05:32:55.018637] Prebuild detected (node_modules already exists) (STDOUT, STG)#
#2026 05 14 05:32:59.818#Z#DEBUG#34c603e0-4f56-11f1-bba0-eeee0a92bc53.capApp_10-srv#flowable-async-job-executor-thread-11340#
[PollStageAppStatusExecution] 8d20a0b0-01ac-47a5-9ee1-3f512b445b4e [2026-05-14T05:32:55.018694] Rebuilding any native modules (STDOUT, STG)#
#2026 05 14 05:32:59.818#Z#DEBUG#34c603e0-4f56-11f1-bba0-eeee0a92bc53.capApp_10-srv#flowable-async-job-executor-thread-11340#
[PollStageAppStatusExecution] 8d20a0b0-01ac-47a5-9ee1-3f512b445b4e [2026-05-14T05:32:56.208989] rebuilt dependencies successfully (STDOUT, STG)#
#2026 05 14 05:32:59.818#Z#DEBUG#34c603e0-4f56-11f1-bba0-eeee0a92bc53.capApp_10-srv#flowable-async-job-executor-thread-11340#
[PollStageAppStatusExecution] 8d20a0b0-01ac-47a5-9ee1-3f512b445b4e [2026-05-14T05:32:56.211380] npm notice (STDOUT, STG)#
#2026 05 14 05:32:59.818#Z#DEBUG#34c603e0-4f56-11f1-bba0-eeee0a92bc53.capApp_10-srv#flowable-async-job-executor-thread-11340#
[PollStageAppStatusExecution] 8d20a0b0-01ac-47a5-9ee1-3f512b445b4e [2026-05-14T05:32:56.211395] npm notice New minor version of npm available! 11.6.2 -> 11.14.1 (STDOUT, STG)#
#2026 05 14 05:32:59.818#Z#DEBUG#34c603e0-4f56-11f1-bba0-eeee0a92bc53.capApp_10-srv#flowable-async-job-executor-thread-11340#
[PollStageAppStatusExecution] 8d20a0b0-01ac-47a5-9ee1-3f512b445b4e [2026-05-14T05:32:56.211399] npm notice Changelog: https://github.com/npm/cli/releases/tag/v11.14.1 (STDOUT, STG)#
#2026 05 14 05:32:59.818#Z#DEBUG#34c603e0-4f56-11f1-bba0-eeee0a92bc53.capApp_10-srv#flowable-async-job-executor-thread-11340#
[PollStageAppStatusExecution] 8d20a0b0-01ac-47a5-9ee1-3f512b445b4e [2026-05-14T05:32:56.211402] npm notice To update run: npm install -g npm@11.14.1 (STDOUT, STG)#
#2026 05 14 05:32:59.818#Z#DEBUG#34c603e0-4f56-11f1-bba0-eeee0a92bc53.capApp_10-srv#flowable-async-job-executor-thread-11340#
[PollStageAppStatusExecution] 8d20a0b0-01ac-47a5-9ee1-3f512b445b4e [2026-05-14T05:32:56.211408] npm notice (STDOUT, STG)#
#2026 05 14 05:32:59.818#Z#DEBUG#34c603e0-4f56-11f1-bba0-eeee0a92bc53.capApp_10-srv#flowable-async-job-executor-thread-11340#
[PollStageAppStatusExecution] 8d20a0b0-01ac-47a5-9ee1-3f512b445b4e [2026-05-14T05:32:56.290723] Installing any new modules (package.json + package-lock.json) (STDOUT, STG)#
#2026 05 14 05:32:59.818#Z#DEBUG#34c603e0-4f56-11f1-bba0-eeee0a92bc53.capApp_10-srv#flowable-async-job-executor-thread-11340#
[PollStageAppStatusExecution] 8d20a0b0-01ac-47a5-9ee1-3f512b445b4e [2026-05-14T05:32:57.637670] up to date in 1s (STDOUT, STG)#
#2026 05 14 05:32:59.818#Z#DEBUG#34c603e0-4f56-11f1-bba0-eeee0a92bc53.capApp_10-srv#flowable-async-job-executor-thread-11340#
[PollStageAppStatusExecution] 8d20a0b0-01ac-47a5-9ee1-3f512b445b4e [2026-05-14T05:32:57.637987] 35 packages are looking for funding (STDOUT, STG)#
#2026 05 14 05:32:59.818#Z#DEBUG#34c603e0-4f56-11f1-bba0-eeee0a92bc53.capApp_10-srv#flowable-async-job-executor-thread-11340#
[PollStageAppStatusExecution] 8d20a0b0-01ac-47a5-9ee1-3f512b445b4e [2026-05-14T05:32:57.638146] run `npm fund` for details (STDOUT, STG)#
#2026 05 14 05:32:59.818#Z#DEBUG#34c603e0-4f56-11f1-bba0-eeee0a92bc53.capApp_10-srv#flowable-async-job-executor-thread-11340#
[PollStageAppStatusExecution] 8d20a0b0-01ac-47a5-9ee1-3f512b445b4e [2026-05-14T05:32:59.553436] Contrast Security no credentials found. Will not write environment files. (STDOUT, STG)#
#2026 05 14 05:33:20.394#Z#DEBUG#34c603e0-4f56-11f1-bba0-eeee0a92bc53.capApp_10-srv#flowable-async-job-executor-thread-11354#
[PollStageAppStatusExecution] 8d20a0b0-01ac-47a5-9ee1-3f512b445b4e [2026-05-14T05:33:13.339146] Exit status 0 (STDOUT, STG)#
#2026 05 14 05:33:20.394#Z#DEBUG#34c603e0-4f56-11f1-bba0-eeee0a92bc53.capApp_10-srv#flowable-async-job-executor-thread-11354#
[PollStageAppStatusExecution] 8d20a0b0-01ac-47a5-9ee1-3f512b445b4e [2026-05-14T05:33:13.339203] Uploading droplet, build artifacts cache... (STDOUT, STG)#
#2026 05 14 05:33:20.394#Z#DEBUG#34c603e0-4f56-11f1-bba0-eeee0a92bc53.capApp_10-srv#flowable-async-job-executor-thread-11354#
[PollStageAppStatusExecution] 8d20a0b0-01ac-47a5-9ee1-3f512b445b4e [2026-05-14T05:33:13.339254] Uploading droplet... (STDOUT, STG)#
#2026 05 14 05:33:20.394#Z#DEBUG#34c603e0-4f56-11f1-bba0-eeee0a92bc53.capApp_10-srv#flowable-async-job-executor-thread-11354#
[PollStageAppStatusExecution] 8d20a0b0-01ac-47a5-9ee1-3f512b445b4e [2026-05-14T05:33:13.339343] Uploading build artifacts cache... (STDOUT, STG)#
#2026 05 14 05:33:20.394#Z#DEBUG#34c603e0-4f56-11f1-bba0-eeee0a92bc53.capApp_10-srv#flowable-async-job-executor-thread-11354#
[PollStageAppStatusExecution] 8d20a0b0-01ac-47a5-9ee1-3f512b445b4e [2026-05-14T05:33:13.359936] Uploaded build artifacts cache (227B) (STDOUT, STG)#
#2026 05 14 05:33:20.394#Z#DEBUG#34c603e0-4f56-11f1-bba0-eeee0a92bc53.capApp_10-srv#flowable-async-job-executor-thread-11354#
[PollStageAppStatusExecution] 8d20a0b0-01ac-47a5-9ee1-3f512b445b4e [2026-05-14T05:33:14.151696] Creating droplet for app with guid 8d20a0b0-01ac-47a5-9ee1-3f512b445b4e (STDOUT, API)#
#2026 05 14 05:33:20.394#Z#DEBUG#34c603e0-4f56-11f1-bba0-eeee0a92bc53.capApp_10-srv#flowable-async-job-executor-thread-11354#
[PollStageAppStatusExecution] 8d20a0b0-01ac-47a5-9ee1-3f512b445b4e [2026-05-14T05:33:18.225243] Uploaded droplet (65.6M) (STDOUT, STG)#
#2026 05 14 05:33:20.394#Z#DEBUG#34c603e0-4f56-11f1-bba0-eeee0a92bc53.capApp_10-srv#flowable-async-job-executor-thread-11354#
[PollStageAppStatusExecution] 8d20a0b0-01ac-47a5-9ee1-3f512b445b4e [2026-05-14T05:33:18.249093] Uploading complete (STDOUT, STG)#
#2026 05 14 05:33:20.394#Z#DEBUG#34c603e0-4f56-11f1-bba0-eeee0a92bc53.capApp_10-srv#flowable-async-job-executor-thread-11354#
[PollStageAppStatusExecution] 8d20a0b0-01ac-47a5-9ee1-3f512b445b4e [2026-05-14T05:33:18.651810] Cell c839c7b1-088e-41af-b9b7-66256aacd457 stopping instance 6e0bbf49-7425-4837-a1f0-e93c4dd74529 (STDOUT, STG)#
#2026 05 14 05:33:20.394#Z#DEBUG#34c603e0-4f56-11f1-bba0-eeee0a92bc53.capApp_10-srv#flowable-async-job-executor-thread-11354#
[PollStageAppStatusExecution] 8d20a0b0-01ac-47a5-9ee1-3f512b445b4e [2026-05-14T05:33:18.651854] Cell c839c7b1-088e-41af-b9b7-66256aacd457 destroying container for instance 6e0bbf49-7425-4837-a1f0-e93c4dd74529 (STDOUT, STG)#
#2026 05 14 05:33:20.394#Z#DEBUG#34c603e0-4f56-11f1-bba0-eeee0a92bc53.capApp_10-srv#flowable-async-job-executor-thread-11354#
[PollStageAppStatusExecution] 8d20a0b0-01ac-47a5-9ee1-3f512b445b4e [2026-05-14T05:33:18.712994] Staging complete for build 6e0bbf49-7425-4837-a1f0-e93c4dd74529 (STDOUT, API)#
#2026 05 14 05:33:30.079#Z#DEBUG#34c603e0-4f56-11f1-bba0-eeee0a92bc53.capApp_10-srv#flowable-async-job-executor-thread-11365#
[PollStartAppStatusExecution] 8d20a0b0-01ac-47a5-9ee1-3f512b445b4e [2026-05-14T05:33:20.468846] Updated app with guid 8d20a0b0-01ac-47a5-9ee1-3f512b445b4e ({:droplet_guid=>"583e9d50-bda6-42ac-b5e7-d681f1fe9b1d"}) (STDOUT, API)#
#2026 05 14 05:33:30.079#Z#DEBUG#34c603e0-4f56-11f1-bba0-eeee0a92bc53.capApp_10-srv#flowable-async-job-executor-thread-11365#
[PollStartAppStatusExecution] 8d20a0b0-01ac-47a5-9ee1-3f512b445b4e [2026-05-14T05:33:20.758181] Creating revision for app with guid 8d20a0b0-01ac-47a5-9ee1-3f512b445b4e (STDOUT, API)#
#2026 05 14 05:33:30.080#Z#DEBUG#34c603e0-4f56-11f1-bba0-eeee0a92bc53.capApp_10-srv#flowable-async-job-executor-thread-11365#
[PollStartAppStatusExecution] 8d20a0b0-01ac-47a5-9ee1-3f512b445b4e [2026-05-14T05:33:20.794798] Starting app with guid 8d20a0b0-01ac-47a5-9ee1-3f512b445b4e (STDOUT, API)#
#2026 05 14 05:33:30.080#Z#DEBUG#34c603e0-4f56-11f1-bba0-eeee0a92bc53.capApp_10-srv#flowable-async-job-executor-thread-11365#
[PollStartAppStatusExecution] 8d20a0b0-01ac-47a5-9ee1-3f512b445b4e [2026-05-14T05:33:21.012668] Cell c839c7b1-088e-41af-b9b7-66256aacd457 creating container for instance 47296815-c0a1-4da7-7872-1b87 (STDOUT, CELL)#
#2026 05 14 05:33:30.080#Z#DEBUG#34c603e0-4f56-11f1-bba0-eeee0a92bc53.capApp_10-srv#flowable-async-job-executor-thread-11365#
[PollStartAppStatusExecution] 8d20a0b0-01ac-47a5-9ee1-3f512b445b4e [2026-05-14T05:33:22.003354] Security group rules were updated (STDOUT, CELL)#
#2026 05 14 05:33:30.080#Z#DEBUG#34c603e0-4f56-11f1-bba0-eeee0a92bc53.capApp_10-srv#flowable-async-job-executor-thread-11365#
[PollStartAppStatusExecution] 8d20a0b0-01ac-47a5-9ee1-3f512b445b4e [2026-05-14T05:33:22.094080] Cell c839c7b1-088e-41af-b9b7-66256aacd457 successfully created container for instance 47296815-c0a1-4da7-7872-1b87 (STDOUT, CELL)#
#2026 05 14 05:33:30.080#Z#DEBUG#34c603e0-4f56-11f1-bba0-eeee0a92bc53.capApp_10-srv#flowable-async-job-executor-thread-11365#
[PollStartAppStatusExecution] 8d20a0b0-01ac-47a5-9ee1-3f512b445b4e [2026-05-14T05:33:22.629168] Cell c839c7b1-088e-41af-b9b7-66256aacd457 successfully destroyed container for instance 6e0bbf49-7425-4837-a1f0-e93c4dd74529 (STDOUT, STG)#
#2026 05 14 05:33:30.080#Z#DEBUG#34c603e0-4f56-11f1-bba0-eeee0a92bc53.capApp_10-srv#flowable-async-job-executor-thread-11365#
[PollStartAppStatusExecution] 8d20a0b0-01ac-47a5-9ee1-3f512b445b4e [2026-05-14T05:33:22.734157] Downloading droplet... (STDOUT, CELL)#
#2026 05 14 05:33:30.080#Z#DEBUG#34c603e0-4f56-11f1-bba0-eeee0a92bc53.capApp_10-srv#flowable-async-job-executor-thread-11365#
[PollStartAppStatusExecution] 8d20a0b0-01ac-47a5-9ee1-3f512b445b4e [2026-05-14T05:33:28.110059] Downloaded droplet (65.6M) (STDOUT, CELL)#
#2026 05 14 05:33:30.080#Z#DEBUG#34c603e0-4f56-11f1-bba0-eeee0a92bc53.capApp_10-srv#flowable-async-job-executor-thread-11365#
[PollStartAppStatusExecution] 8d20a0b0-01ac-47a5-9ee1-3f512b445b4e [2026-05-14T05:33:28.110259] Starting health monitoring of container (STDOUT, CELL)#
#2026 05 14 05:33:30.080#Z#DEBUG#34c603e0-4f56-11f1-bba0-eeee0a92bc53.capApp_10-srv#flowable-async-job-executor-thread-11365#
[PollStartAppStatusExecution] 8d20a0b0-01ac-47a5-9ee1-3f512b445b4e [2026-05-14T05:33:28.258262] Invoking pre-start scripts. (STDOUT, APP/PROC/WEB)#
#2026 05 14 05:33:30.080#Z#DEBUG#34c603e0-4f56-11f1-bba0-eeee0a92bc53.capApp_10-srv#flowable-async-job-executor-thread-11365#
[PollStartAppStatusExecution] 8d20a0b0-01ac-47a5-9ee1-3f512b445b4e [2026-05-14T05:33:28.529459] Invoking start command. (STDOUT, APP/PROC/WEB)#
#2026 05 14 05:33:30.080#Z#DEBUG#34c603e0-4f56-11f1-bba0-eeee0a92bc53.capApp_10-srv#flowable-async-job-executor-thread-11365#
[PollStartAppStatusExecution] 8d20a0b0-01ac-47a5-9ee1-3f512b445b4e [2026-05-14T05:33:29.045087] > capApp_10@1.0.0 start (STDOUT, APP/PROC/WEB)#
#2026 05 14 05:33:30.080#Z#DEBUG#34c603e0-4f56-11f1-bba0-eeee0a92bc53.capApp_10-srv#flowable-async-job-executor-thread-11365#
[PollStartAppStatusExecution] 8d20a0b0-01ac-47a5-9ee1-3f512b445b4e [2026-05-14T05:33:29.045111] > cds-serve (STDOUT, APP/PROC/WEB)#
#2026 05 14 05:33:30.080#Z#DEBUG#34c603e0-4f56-11f1-bba0-eeee0a92bc53.capApp_10-srv#flowable-async-job-executor-thread-11365#
[PollStartAppStatusExecution] 8d20a0b0-01ac-47a5-9ee1-3f512b445b4e [2026-05-14T05:33:29.394673] {"level":"info","logger":"cds","timestamp":"2026-05-14T05:33:29.393Z","layer":"cds","component_type":"application","container_id":"10.32.2.6","component_id":"8d20a0b0-01ac-47a5-9ee1-3f512b445b4e","component_name":"capApp_10-srv","component_instance":0,"source_instance":0,"organization_name":"4ab2e66atrial","organization_id":"cb52df67-003c-4d43-8e48-fd202d5df2b2","space_name":"dev","space_id":"54ab3ff4-d0b3-40b5-9db9-24e6ee6d49cc","msg":"loaded model from 1 file(s):\n ","type":"log"} (STDOUT, APP/PROC/WEB)#
#2026 05 14 05:33:30.080#Z#DEBUG#34c603e0-4f56-11f1-bba0-eeee0a92bc53.capApp_10-srv#flowable-async-job-executor-thread-11365#
[PollStartAppStatusExecution] 8d20a0b0-01ac-47a5-9ee1-3f512b445b4e [2026-05-14T05:33:29.395043] srv/csn.json (STDOUT, APP/PROC/WEB)#
#2026 05 14 05:33:40.191#Z#DEBUG#34c603e0-4f56-11f1-bba0-eeee0a92bc53.capApp_10-srv#flowable-async-job-executor-thread-5221#
[PollStartAppStatusExecution] 8d20a0b0-01ac-47a5-9ee1-3f512b445b4e [2026-05-14T05:33:29.660658] {"level":"info","logger":"cds","timestamp":"2026-05-14T05:33:29.659Z","layer":"cds","component_type":"application","container_id":"10.32.2.6","component_id":"8d20a0b0-01ac-47a5-9ee1-3f512b445b4e","component_name":"capApp_10-srv","component_instance":0,"source_instance":0,"organization_name":"4ab2e66atrial","organization_id":"cb52df67-003c-4d43-8e48-fd202d5df2b2","space_name":"dev","space_id":"54ab3ff4-d0b3-40b5-9db9-24e6ee6d49cc","msg":"connect to db > hana {\n  database_id: '6fdd3af3-f740-43bd-99f1-c64ce67bb61c',\n  host: '6fdd3af3-f740-43bd-99f1-c64ce67bb61c.hna1.prod-us10.hanacloud.ondemand.com',\n  port: '443',\n  driver: 'com.sap.db.jdbc.Driver',\n  url: 'jdbc:sap://6fdd3af3-f740-43bd-99f1-c64ce67bb61c.hna1.prod-us10.hanacloud.ondemand.com:443?encrypt=true&validateCertificate=true&currentschema=38C076E4E7DF4E0886260087FFEF654C',\n  schema: '38C076E4E7DF4E0886260087FFEF654C',\n  certificate: '...',\n  hdi_user: '38C076E4E7DF4E0886260087FFEF654C_9RC0BO9UV9QGYWB5CG69D36Q4_DT',\n  hdi_password: '...',\n  user: '38C076E4E7DF4E0886260087FFEF654C_9RC0BO9UV9QGYWB5CG69D36Q4_RT',\n  password: '...'\n}","type":"log"} (STDOUT, APP/PROC/WEB)#
#2026 05 14 05:33:40.191#Z#DEBUG#34c603e0-4f56-11f1-bba0-eeee0a92bc53.capApp_10-srv#flowable-async-job-executor-thread-5221#
[PollStartAppStatusExecution] 8d20a0b0-01ac-47a5-9ee1-3f512b445b4e [2026-05-14T05:33:29.761266] {"level":"info","logger":"cds","timestamp":"2026-05-14T05:33:29.760Z","layer":"cds","component_type":"application","container_id":"10.32.2.6","component_id":"8d20a0b0-01ac-47a5-9ee1-3f512b445b4e","component_name":"capApp_10-srv","component_instance":0,"source_instance":0,"organization_name":"4ab2e66atrial","organization_id":"cb52df67-003c-4d43-8e48-fd202d5df2b2","space_name":"dev","space_id":"54ab3ff4-d0b3-40b5-9db9-24e6ee6d49cc","msg":"using auth strategy { kind: 'jwt' }","type":"log"} (STDOUT, APP/PROC/WEB)#
#2026 05 14 05:33:40.191#Z#DEBUG#34c603e0-4f56-11f1-bba0-eeee0a92bc53.capApp_10-srv#flowable-async-job-executor-thread-5221#
[PollStartAppStatusExecution] 8d20a0b0-01ac-47a5-9ee1-3f512b445b4e [2026-05-14T05:33:29.822658] {"level":"info","logger":"cds","timestamp":"2026-05-14T05:33:29.822Z","layer":"cds","component_type":"application","container_id":"10.32.2.6","component_id":"8d20a0b0-01ac-47a5-9ee1-3f512b445b4e","component_name":"capApp_10-srv","component_instance":0,"source_instance":0,"organization_name":"4ab2e66atrial","organization_id":"cb52df67-003c-4d43-8e48-fd202d5df2b2","space_name":"dev","space_id":"54ab3ff4-d0b3-40b5-9db9-24e6ee6d49cc","msg":"serving leaveManagementService {\n  at: [ '/leavemanage' ],\n  decl: 'srv/csn.json:178',\n  impl: 'srv/service.js'\n}","type":"log"} (STDOUT, APP/PROC/WEB)#
#2026 05 14 05:33:40.191#Z#DEBUG#34c603e0-4f56-11f1-bba0-eeee0a92bc53.capApp_10-srv#flowable-async-job-executor-thread-5221#
[PollStartAppStatusExecution] 8d20a0b0-01ac-47a5-9ee1-3f512b445b4e [2026-05-14T05:33:29.833297] {"level":"info","logger":"cds","timestamp":"2026-05-14T05:33:29.832Z","layer":"cds","component_type":"application","container_id":"10.32.2.6","component_id":"8d20a0b0-01ac-47a5-9ee1-3f512b445b4e","component_name":"capApp_10-srv","component_instance":0,"source_instance":0,"organization_name":"4ab2e66atrial","organization_id":"cb52df67-003c-4d43-8e48-fd202d5df2b2","space_name":"dev","space_id":"54ab3ff4-d0b3-40b5-9db9-24e6ee6d49cc","msg":"server listening on { url: 'http://localhost:8080' }","type":"log"} (STDOUT, APP/PROC/WEB)#
#2026 05 14 05:33:40.191#Z#DEBUG#34c603e0-4f56-11f1-bba0-eeee0a92bc53.capApp_10-srv#flowable-async-job-executor-thread-5221#
[PollStartAppStatusExecution] 8d20a0b0-01ac-47a5-9ee1-3f512b445b4e [2026-05-14T05:33:29.834516] {"level":"info","logger":"cds","timestamp":"2026-05-14T05:33:29.834Z","layer":"cds","component_type":"application","container_id":"10.32.2.6","component_id":"8d20a0b0-01ac-47a5-9ee1-3f512b445b4e","component_name":"capApp_10-srv","component_instance":0,"source_instance":0,"organization_name":"4ab2e66atrial","organization_id":"cb52df67-003c-4d43-8e48-fd202d5df2b2","space_name":"dev","space_id":"54ab3ff4-d0b3-40b5-9db9-24e6ee6d49cc","msg":"server v9.9.1 launched in 777 ms","type":"log"} (STDOUT, APP/PROC/WEB)#
#2026 05 14 05:33:40.191#Z#DEBUG#34c603e0-4f56-11f1-bba0-eeee0a92bc53.capApp_10-srv#flowable-async-job-executor-thread-5221#
[PollStartAppStatusExecution] 8d20a0b0-01ac-47a5-9ee1-3f512b445b4e [2026-05-14T05:33:31.651816] Container became healthy (STDOUT, CELL)#
#2026 05 14 05:33:40.191#Z#DEBUG#34c603e0-4f56-11f1-bba0-eeee0a92bc53.capApp_10-srv#flowable-async-job-executor-thread-5221#
[PollStartAppStatusExecution] 8d20a0b0-01ac-47a5-9ee1-3f512b445b4e [2026-05-14T05:33:31.677254] Process became ready with guid 8d20a0b0-01ac-47a5-9ee1-3f512b445b4e payload: {"instance"=>"47296815-c0a1-4da7-7872-1b87", "index"=>0, "cell_id"=>"c839c7b1-088e-41af-b9b7-66256aacd457", "ready"=>true, "version"=>"35a99317-ff7b-419a-bfdd-4dabaa7c2bd9"} (STDOUT, API)#
